# JRE version: OpenJDK Runtime Environment Temurin-25.0.2+10 (25.0.2+10) (build 25.0.2+10-LTS)
# Java VM: OpenJDK 64-Bit Server VM Temurin-25.0.2+10 (25.0.2+10-LTS, mixed mode, sharing, tiered, compressed oops, compressed class ptrs, g1 gc, windows-amd64)
GC Precious Log:
 CardTable entry size: 512
 Card Set container configuration: InlinePtr #cards 5 size 8 Array Of Cards #cards 10 size 36 Howl #buckets 4 coarsen threshold 1843 Howl Bitmap #cards 512 size 80 coarsen threshold 460 Card regions per heap region 1 cards per card region 2048
 CPUs: 4 total, 4 available
 Memory: 7958M
 Large Page Support: Disabled
 NUMA Support: Disabled
 Compressed Oops: Enabled (32-bit)
 Heap Region Size: 1M
 Heap Min Capacity: 8M
 Heap Initial Capacity: 126M
 Heap Max Capacity: 1990M
 Pre-touch: Disabled
 Parallel Workers: 4
 Concurrent Workers: 1
 Concurrent Refinement Workers: 4
 Periodic GC: Disabled
Heap:
 garbage-first heap   total reserved 2037760K, committed 57344K, used 51250K [0x0000000083a00000, 0x0000000100000000)
  region size 1024K, 20 young (20480K), 3 survivors (3072K)
GC Heap Usage History (20 events):
Event: 10.424 {heap Before GC invocations=11 (full 0):
 garbage-first heap   total reserved 2037760K, committed 48128K, used 41966K [0x0000000083a00000, 0x0000000100000000)
  region size 1024K, 20 young (20480K), 3 survivors (3072K)
}
Event: 10.428 {heap After GC invocations=12 (full 0):
 garbage-first heap   total reserved 2037760K, committed 48128K, used 25735K [0x0000000083a00000, 0x0000000100000000)
  region size 1024K, 3 young (3072K), 3 survivors (3072K)
}
Event: 11.198 {heap Before GC invocations=12 (full 0):
 garbage-first heap   total reserved 2037760K, committed 48128K, used 41095K [0x0000000083a00000, 0x0000000100000000)
  region size 1024K, 19 young (19456K), 3 survivors (3072K)
}
Event: 11.202 {heap After GC invocations=13 (full 0):
 garbage-first heap   total reserved 2037760K, committed 48128K, used 27467K [0x0000000083a00000, 0x0000000100000000)
  region size 1024K, 3 young (3072K), 3 survivors (3072K)
}
Event: 11.801 {heap Before GC invocations=14 (full 0):
 garbage-first heap   total reserved 2037760K, committed 48128K, used 42827K [0x0000000083a00000, 0x0000000100000000)
  region size 1024K, 18 young (18432K), 3 survivors (3072K)
}
Event: 11.806 {heap After GC invocations=15 (full 0):
 garbage-first heap   total reserved 2037760K, committed 48128K, used 28453K [0x0000000083a00000, 0x0000000100000000)
  region size 1024K, 3 young (3072K), 3 survivors (3072K)
}
Event: 12.194 {heap Before GC invocations=15 (full 0):
 garbage-first heap   total reserved 2037760K, committed 48128K, used 41765K [0x0000000083a00000, 0x0000000100000000)
  region size 1024K, 17 young (17408K), 3 survivors (3072K)
}
Event: 12.200 {heap After GC invocations=16 (full 0):
 garbage-first heap   total reserved 2037760K, committed 48128K, used 28866K [0x0000000083a00000, 0x0000000100000000)
  region size 1024K, 2 young (2048K), 2 survivors (2048K)
}
Event: 12.622 {heap Before GC invocations=16 (full 0):
 garbage-first heap   total reserved 2037760K, committed 48128K, used 44226K [0x0000000083a00000, 0x0000000100000000)
  region size 1024K, 17 young (17408K), 2 survivors (2048K)
}
Event: 12.625 {heap After GC invocations=17 (full 0):
 garbage-first heap   total reserved 2037760K, committed 48128K, used 29523K [0x0000000083a00000, 0x0000000100000000)
  region size 1024K, 3 young (3072K), 3 survivors (3072K)
}
Event: 13.101 {heap Before GC invocations=18 (full 0):
 garbage-first heap   total reserved 2037760K, committed 51200K, used 42835K [0x0000000083a00000, 0x0000000100000000)
  region size 1024K, 17 young (17408K), 3 survivors (3072K)
}
Event: 13.105 {heap After GC invocations=19 (full 0):
 garbage-first heap   total reserved 2037760K, committed 51200K, used 30341K [0x0000000083a00000, 0x0000000100000000)
  region size 1024K, 3 young (3072K), 3 survivors (3072K)
}
Event: 13.818 {heap Before GC invocations=19 (full 0):
 garbage-first heap   total reserved 2037760K, committed 51200K, used 45701K [0x0000000083a00000, 0x0000000100000000)
  region size 1024K, 19 young (19456K), 3 survivors (3072K)
}
Event: 13.824 {heap After GC invocations=20 (full 0):
 garbage-first heap   total reserved 2037760K, committed 51200K, used 30676K [0x0000000083a00000, 0x0000000100000000)
  region size 1024K, 2 young (2048K), 2 survivors (2048K)
}
Event: 14.490 {heap Before GC invocations=20 (full 0):
 garbage-first heap   total reserved 2037760K, committed 51200K, used 47060K [0x0000000083a00000, 0x0000000100000000)
  region size 1024K, 19 young (19456K), 2 survivors (2048K)
}
Event: 14.495 {heap After GC invocations=21 (full 0):
 garbage-first heap   total reserved 2037760K, committed 52224K, used 32195K [0x0000000083a00000, 0x0000000100000000)
  region size 1024K, 3 young (3072K), 3 survivors (3072K)
}
Event: 15.271 {heap Before GC invocations=22 (full 0):
 garbage-first heap   total reserved 2037760K, committed 55296K, used 47555K [0x0000000083a00000, 0x0000000100000000)
  region size 1024K, 18 young (18432K), 3 survivors (3072K)
}
Event: 15.277 {heap After GC invocations=23 (full 0):
 garbage-first heap   total reserved 2037760K, committed 55296K, used 33595K [0x0000000083a00000, 0x0000000100000000)
  region size 1024K, 3 young (3072K), 3 survivors (3072K)
}
Event: 16.335 {heap Before GC invocations=23 (full 0):
 garbage-first heap   total reserved 2037760K, committed 55296K, used 51003K [0x0000000083a00000, 0x0000000100000000)
  region size 1024K, 20 young (20480K), 3 survivors (3072K)
}
Event: 16.342 {heap After GC invocations=24 (full 0):
 garbage-first heap   total reserved 2037760K, committed 57344K, used 34866K [0x0000000083a00000, 0x0000000100000000)
  region size 1024K, 3 young (3072K), 3 survivors (3072K)
}

